%!Adobe-FontList 1.16
%Locale:0x409

%BeginFont
Handler:DirectoryHandler
FontType:Type1
FontName:HelveticaNeueLTStd-Bd
FamilyName:Helvetica Neue LT Std
StyleName:75 Bold
MenuName:HelveticaNeueLT Std
StyleBits:2
WeightClass:700
WidthClass:5
AngleClass:0
FullName:Helvetica Neue LT Std 75 Bold
WritingScript:Roman
OutlineFileName:\HelveticaNeueLTStd-Bd.otf
DataFormat:sfntData
UsesStandardEncoding:yes
isCFF:yes
FileLength:29108
FileModTime:1188212908
DesignSize:120
NameArray:0,Mac,18,HelveticaNeueLT Std Bold
NameArray:0,Mac,4,Helvetica Neue LT Std 75 Bold
NameArray:0,Win,1,HelveticaNeueLT Std
NameArray:0,Win,16,Helvetica Neue LT Std
%EndFont

%BeginFont
Handler:DirectoryHandler
FontType:Type1
FontName:HelveticaNeueLTStd-Md
FamilyName:Helvetica Neue LT Std
StyleName:65 Medium
MenuName:HelveticaNeueLT Std Med
StyleBits:0
WeightClass:500
WidthClass:5
AngleClass:0
FullName:Helvetica Neue LT Std 65 Medium
WritingScript:Roman
OutlineFileName:\HelveticaNeueLTStd-Md.otf
DataFormat:sfntData
UsesStandardEncoding:yes
isCFF:yes
FileLength:29148
FileModTime:1188212908
DesignSize:120
NameArray:0,Mac,18,HelveticaNeueLT Std Med
NameArray:0,Mac,4,Helvetica Neue LT Std 65 Medium
NameArray:0,Win,1,HelveticaNeueLT Std Med
NameArray:0,Win,16,Helvetica Neue LT Std
%EndFont

